<?xml version="1.0" encoding="UTF-8"?>
<!-- Generated by org.testng.reporters.JUnitXMLReporter -->
<testsuite ignored="0" hostname="DESKTOP-4DNHLLE" failures="0" tests="3" name="BankingApp Test" time="9.996" errors="0" timestamp="2024-12-08T10:13:03 EST">
  <testcase classname="com.Automation_project.TestCases.FormFillupTest001" name="FillDates" time="1.137"/>
  <testcase classname="com.Automation_project.TestCases.FormFillupTest001" name="FillDates" time="1.94"/>
  <testcase classname="com.Automation_project.TestCases.FormFillupTest001" name="FillDates" time="3.598"/>
</testsuite> <!-- BankingApp Test -->
